This is pdfTeX, Version 3.14159265-2.6-1.40.17 (TeX Live 2016) (preloaded format=pdflatex 2016.11.18)  31 OCT 2017 12:48
entering extended mode
 restricted \write18 enabled.
 file:line:error style messages enabled.
 %&-line parsing enabled.
**meeting.tex
(./meeting.tex
LaTeX2e <2016/03/31>
Babel <3.9r> and hyphenation patterns for 22 language(s) loaded.

! LaTeX Error: File `ssc-prog.cls' not found.

Type X to quit or <RETURN> to proceed,
or enter new name. (Default extension: cls)

Enter file name: 
./meeting.tex:5: Emergency stop.
<read *> 
         
l.5 \usepackage
               {amsmath,amsfonts}^^M
End of file on the terminal!

 
Here is how much of TeX's memory you used:
 10 strings out of 494447
 188 string characters out of 6166765
 47243 words of memory out of 5000000
 3444 multiletter control sequences out of 15000+600000
 3640 words of font info for 14 fonts, out of 8000000 for 9000
 319 hyphenation exceptions out of 8191
 10i,0n,7p,61b,8s stack positions out of 5000i,500n,10000p,200000b,80000s
./meeting.tex:5:  ==> Fatal error occurred, no output PDF file produced!
